\BOOKMARK [1][-]{section.1}{Native Currency \046 Mining}{}% 1
\BOOKMARK [2][-]{subsection.1.1}{Mining}{section.1}% 2
\BOOKMARK [3][-]{subsubsection.1.1.1}{Total Difficulty}{subsection.1.1}% 3
\BOOKMARK [3][-]{subsubsection.1.1.2}{Difficulty Mechanism}{subsection.1.1}% 4
\BOOKMARK [2][-]{subsection.1.2}{GHOST Protocol}{section.1}% 5
\BOOKMARK [1][-]{section.2}{Memory and Storage}{}% 6
\BOOKMARK [2][-]{subsection.2.1}{Data Structures}{section.2}% 7
\BOOKMARK [3][-]{subsubsection.2.1.1}{Merkle-Patricia Trees}{subsection.2.1}% 8
\BOOKMARK [3][-]{subsubsection.2.1.2}{World State}{subsection.2.1}% 9
\BOOKMARK [3][-]{subsubsection.2.1.3}{The Block}{subsection.2.1}% 10
\BOOKMARK [3][-]{subsubsection.2.1.4}{Block Header}{subsection.2.1}% 11
\BOOKMARK [3][-]{subsubsection.2.1.5}{Block Footer}{subsection.2.1}% 12
\BOOKMARK [3][-]{subsubsection.2.1.6}{Block Number}{subsection.2.1}% 13
\BOOKMARK [2][-]{subsection.2.2}{State Database}{section.2}% 14
\BOOKMARK [3][-]{subsubsection.2.2.1}{Tries}{subsection.2.2}% 15
\BOOKMARK [3][-]{subsubsection.2.2.2}{Tree Terminologywiki:xxx}{subsection.2.2}% 16
\BOOKMARK [3][-]{subsubsection.2.2.3}{RLP}{subsection.2.2}% 17
\BOOKMARK [3][-]{subsubsection.2.2.4}{Create Account}{subsection.2.2}% 18
\BOOKMARK [3][-]{subsubsection.2.2.5}{Account State}{subsection.2.2}% 19
\BOOKMARK [2][-]{subsection.2.3}{Bloom Filter}{section.2}% 20
\BOOKMARK [3][-]{subsubsection.2.3.1}{Transaction Receipts}{subsection.2.3}% 21
\BOOKMARK [1][-]{section.3}{Processing and Computation}{}% 22
\BOOKMARK [2][-]{subsection.3.1}{The Transaction}{section.3}% 23
\BOOKMARK [3][-]{subsubsection.3.1.1}{Transactions Root}{subsection.3.1}% 24
\BOOKMARK [2][-]{subsection.3.2}{State Transition Function}{section.3}% 25
\BOOKMARK [3][-]{subsubsection.3.2.1}{Ethash}{subsection.3.2}% 26
\BOOKMARK [2][-]{subsection.3.3}{Verification}{section.3}% 27
\BOOKMARK [3][-]{subsubsection.3.3.1}{Ommers}{subsection.3.3}% 28
\BOOKMARK [2][-]{subsection.3.4}{Serialization/Deserialization}{section.3}% 29
\BOOKMARK [2][-]{subsection.3.5}{Ethereum Virtual Machine}{section.3}% 30
\BOOKMARK [3][-]{subsubsection.3.5.1}{Execution}{subsection.3.5}% 31
\BOOKMARK [3][-]{subsubsection.3.5.2}{Code Deposit}{subsection.3.5}% 32
\BOOKMARK [3][-]{subsubsection.3.5.3}{Intrinsic Validity}{subsection.3.5}% 33
\BOOKMARK [3][-]{subsubsection.3.5.4}{Execution Model}{subsection.3.5}% 34
\BOOKMARK [3][-]{subsubsection.3.5.5}{Execution Overview}{subsection.3.5}% 35
\BOOKMARK [3][-]{subsubsection.3.5.6}{The Execution Cycle}{subsection.3.5}% 36
\BOOKMARK [2][-]{subsection.3.6}{Provisional State}{section.3}% 37
\BOOKMARK [3][-]{subsubsection.3.6.1}{Message Calls}{subsection.3.6}% 38
\BOOKMARK [3][-]{subsubsection.3.6.2}{Contract Creation}{subsection.3.6}% 39
\BOOKMARK [3][-]{subsubsection.3.6.3}{Account Creation}{subsection.3.6}% 40
\BOOKMARK [2][-]{subsection.3.7}{Halting}{section.3}% 41
\BOOKMARK [2][-]{subsection.3.8}{Gas}{section.3}% 42
\BOOKMARK [3][-]{subsubsection.3.8.1}{Gasprice}{subsection.3.8}% 43
\BOOKMARK [3][-]{subsubsection.3.8.2}{Machine State}{subsection.3.8}% 44
\BOOKMARK [3][-]{subsubsection.3.8.3}{Exceptional Halting}{subsection.3.8}% 45
\BOOKMARK [3][-]{subsubsection.3.8.4}{EVM Code}{subsection.3.8}% 46
\BOOKMARK [2][-]{subsection.3.9}{Blocktree to Blockchain}{section.3}% 47
\BOOKMARK [2][-]{subsection.3.10}{Ommer Validation}{section.3}% 48
\BOOKMARK [2][-]{subsection.3.11}{Transaction Validation}{section.3}% 49
\BOOKMARK [2][-]{subsection.3.12}{Reward Application}{section.3}% 50
\BOOKMARK [2][-]{subsection.3.13}{Mining Proof-of-Work}{section.3}% 51
\BOOKMARK [3][-]{subsubsection.3.13.1}{EVM Assembly}{subsection.3.13}% 52
\BOOKMARK [1][-]{appendix.A}{Opcodes}{}% 53
\BOOKMARK [2][-]{subsection.A.1}{0x10's: Comparisons and Bitwise Logic Operations}{appendix.A}% 54
\BOOKMARK [2][-]{subsection.A.2}{0x20's: SHA3}{appendix.A}% 55
\BOOKMARK [2][-]{subsection.A.3}{0x30's: Environmental Information}{appendix.A}% 56
\BOOKMARK [2][-]{subsection.A.4}{0x40's: Block Data}{appendix.A}% 57
\BOOKMARK [2][-]{subsection.A.5}{0x50's: Stack, memory, storage, and flow operations.}{appendix.A}% 58
\BOOKMARK [2][-]{subsection.A.6}{0x60-70's: Push Operations}{appendix.A}% 59
\BOOKMARK [2][-]{subsection.A.7}{0x80's: Duplication Operations}{appendix.A}% 60
\BOOKMARK [2][-]{subsection.A.8}{0x90's: Swap Operations}{appendix.A}% 61
\BOOKMARK [2][-]{subsection.A.9}{0xa0's: Logging Operations}{appendix.A}% 62
\BOOKMARK [2][-]{subsection.A.10}{0xf0's: System Operations}{appendix.A}% 63
\BOOKMARK [1][-]{appendix.B}{Higher Level Languages}{}% 64
\BOOKMARK [2][-]{subsection.B.1}{Lower-Level Lisp}{appendix.B}% 65
\BOOKMARK [2][-]{subsection.B.2}{Solidity}{appendix.B}% 66
\BOOKMARK [2][-]{subsection.B.3}{Serpent}{appendix.B}% 67
\BOOKMARK [2][-]{subsection.B.4}{Viper}{appendix.B}% 68
\BOOKMARK [1][-]{section*.82}{References}{}% 69
\BOOKMARK [1][-]{section*.83}{Glossary}{}% 70
\BOOKMARK [1][-]{section*.85}{Acronyms}{}% 71
\BOOKMARK [1][-]{section*.87}{Index}{}% 72
